#
# There is insufficient memory for the Java Runtime Environment to continue.
# Native memory allocation (malloc) failed to allocate 1458736 bytes. Error detail: Chunk::new
# Possible reasons:
#   The system is out of physical RAM or swap space
#   This process is running with CompressedOops enabled, and the Java Heap may be blocking the growth of the native heap
# Possible solutions:
#   Reduce memory load on the system
#   Increase physical memory or swap space
#   Check if swap backing store is full
#   Decrease Java heap size (-Xmx/-Xms)
#   Decrease number of Java threads
#   Decrease Java thread stack sizes (-Xss)
#   Set larger code cache with -XX:ReservedCodeCacheSize=
#   JVM is running with Unscaled Compressed Oops mode in which the Java heap is
#     placed in the first 4GB address space. The Java Heap base address is the
#     maximum limit for the native heap growth. Please use -XX:HeapBaseMinAddress
#     to set the Java Heap base and to place the Java Heap above 4GB virtual address.
# This output file may be truncated or incomplete.
#
#  Out of Memory Error (arena.cpp:149), pid=1720, tid=3248
#
# JRE version: OpenJDK Runtime Environment (23.0.1+11) (build 23.0.1+11-39)
# Java VM: OpenJDK 64-Bit Server VM (23.0.1+11-39, mixed mode, sharing, tiered, compressed oops, compressed class ptrs, g1 gc, windows-amd64)
# No core dump will be written. Minidumps are not enabled by default on client versions of Windows
#

---------------  S U M M A R Y ------------

Command Line: --module-path=C:\Users\celes\Downloads\openjfx-23.0.1_windows-x64_bin-sdk\javafx-sdk-23.0.1\lib --add-modules=javafx.controls,javafx.fxml -javaagent:C:\Program Files\JetBrains\IntelliJ IDEA 2024.3\lib\idea_rt.jar=55893:C:\Program Files\JetBrains\IntelliJ IDEA 2024.3\bin -Dfile.encoding=UTF-8 -Dsun.stdout.encoding=UTF-8 -Dsun.stderr.encoding=UTF-8 com.example.fitsync.Main

Host: 12th Gen Intel(R) Core(TM) i5-12450H, 12 cores, 7G,  Windows 11 , 64 bit Build 22621 (10.0.22621.4391)
Time: Thu Dec 19 16:23:11 2024 Malay Peninsula Standard Time elapsed time: 1.503111 seconds (0d 0h 0m 1s)

---------------  T H R E A D  ---------------

Current thread (0x0000023f58ca4ad0):  JavaThread "C2 CompilerThread1" daemon [_thread_in_native, id=3248, stack(0x0000009b6bf00000,0x0000009b6c000000) (1024K)]


Current CompileTask:
C2:1503 2887       4       java.lang.invoke.MethodType::makeImpl (109 bytes)

Stack: [0x0000009b6bf00000,0x0000009b6c000000]
Native frames: (J=compiled Java code, j=interpreted, Vv=VM code, C=native code)
V  [jvm.dll+0x6e08b9]  (no source info available)
V  [jvm.dll+0x87dc83]  (no source info available)
V  [jvm.dll+0x88010e]  (no source info available)
V  [jvm.dll+0x8807e3]  (no source info available)
V  [jvm.dll+0x27aee6]  (no source info available)
V  [jvm.dll+0xbc06f]  (no source info available)
V  [jvm.dll+0xbc2cb]  (no source info available)
V  [jvm.dll+0x3b3a62]  (no source info available)
V  [jvm.dll+0x38a42b]  (no source info available)
V  [jvm.dll+0x38989a]  (no source info available)
V  [jvm.dll+0x244aa1]  (no source info available)
V  [jvm.dll+0x243dff]  (no source info available)
V  [jvm.dll+0x1c33a0]  (no source info available)
V  [jvm.dll+0x253cf1]  (no source info available)
V  [jvm.dll+0x251faa]  (no source info available)
V  [jvm.dll+0x3ee036]  (no source info available)
V  [jvm.dll+0x824f8b]  (no source info available)
V  [jvm.dll+0x6df065]  (no source info available)
C  [ucrtbase.dll+0x29333]  (no source info available)
C  [KERNEL32.DLL+0x1259d]  (no source info available)
C  [ntdll.dll+0x5af38]  (no source info available)

Lock stack of current Java thread (top to bottom):


---------------  P R O C E S S  ---------------

Threads class SMR info:
_java_thread_list=0x0000023f9f13b010, length=22, elements={
0x0000023f396e5590, 0x0000023f58598110, 0x0000023f58599080, 0x0000023f5859b710,
0x0000023f5859c170, 0x0000023f5859ce20, 0x0000023f5859ea40, 0x0000023f585a0da0,
0x0000023f585acf10, 0x0000023f58c01560, 0x0000023f58ca4ad0, 0x0000023f9e856560,
0x0000023f9e31a280, 0x0000023f9ed73490, 0x0000023f9e95daa0, 0x0000023f9f770e50,
0x0000023fa32dae60, 0x0000023f9f166320, 0x0000023f9f100a30, 0x0000023fa3302960,
0x0000023f9f04a830, 0x0000023f9f04c900
}

Java Threads: ( => current thread )
  0x0000023f396e5590 JavaThread "main"                              [_thread_blocked, id=12792, stack(0x0000009b6ae00000,0x0000009b6af00000) (1024K)]
  0x0000023f58598110 JavaThread "Reference Handler"          daemon [_thread_blocked, id=19400, stack(0x0000009b6b600000,0x0000009b6b700000) (1024K)]
  0x0000023f58599080 JavaThread "Finalizer"                  daemon [_thread_blocked, id=2828, stack(0x0000009b6b700000,0x0000009b6b800000) (1024K)]
  0x0000023f5859b710 JavaThread "Signal Dispatcher"          daemon [_thread_blocked, id=8880, stack(0x0000009b6b800000,0x0000009b6b900000) (1024K)]
  0x0000023f5859c170 JavaThread "Attach Listener"            daemon [_thread_blocked, id=12976, stack(0x0000009b6b900000,0x0000009b6ba00000) (1024K)]
  0x0000023f5859ce20 JavaThread "Service Thread"             daemon [_thread_blocked, id=11756, stack(0x0000009b6ba00000,0x0000009b6bb00000) (1024K)]
  0x0000023f5859ea40 JavaThread "Monitor Deflation Thread"   daemon [_thread_blocked, id=14624, stack(0x0000009b6bb00000,0x0000009b6bc00000) (1024K)]
  0x0000023f585a0da0 JavaThread "C2 CompilerThread0"         daemon [_thread_in_native, id=13200, stack(0x0000009b6bc00000,0x0000009b6bd00000) (1024K)]
  0x0000023f585acf10 JavaThread "C1 CompilerThread0"         daemon [_thread_blocked, id=3664, stack(0x0000009b6bd00000,0x0000009b6be00000) (1024K)]
  0x0000023f58c01560 JavaThread "Common-Cleaner"             daemon [_thread_blocked, id=7960, stack(0x0000009b6be00000,0x0000009b6bf00000) (1024K)]
=>0x0000023f58ca4ad0 JavaThread "C2 CompilerThread1"         daemon [_thread_in_native, id=3248, stack(0x0000009b6bf00000,0x0000009b6c000000) (1024K)]
  0x0000023f9e856560 JavaThread "Monitor Ctrl-Break"         daemon [_thread_in_native, id=9164, stack(0x0000009b6c000000,0x0000009b6c100000) (1024K)]
  0x0000023f9e31a280 JavaThread "Notification Thread"        daemon [_thread_blocked, id=13212, stack(0x0000009b6c100000,0x0000009b6c200000) (1024K)]
  0x0000023f9ed73490 JavaThread "QuantumRenderer-0"          daemon [_thread_blocked, id=15124, stack(0x0000009b6c200000,0x0000009b6c300000) (1024K)]
  0x0000023f9e95daa0 JavaThread "InvokeLaterDispatcher"      daemon [_thread_blocked, id=10600, stack(0x0000009b6c700000,0x0000009b6c800000) (1024K)]
  0x0000023f9f770e50 JavaThread "JavaFX Application Thread"         [_thread_in_vm, id=6092, stack(0x0000009b6c800000,0x0000009b6c900000) (1024K)]
  0x0000023fa32dae60 JavaThread "RMI TCP Accept-0"           daemon [_thread_in_native, id=6248, stack(0x0000009b6d300000,0x0000009b6d400000) (1024K)]
  0x0000023f9f166320 JavaThread "RMI TCP Connection(1)-10.103.75.111" daemon [_thread_in_native, id=11068, stack(0x0000009b6d400000,0x0000009b6d500000) (1024K)]
  0x0000023f9f100a30 JavaThread "JavaFX-Launcher"                   [_thread_blocked, id=2816, stack(0x0000009b6d600000,0x0000009b6d700000) (1024K)]
  0x0000023fa3302960 JavaThread "RMI Scheduler(0)"           daemon [_thread_blocked, id=17108, stack(0x0000009b6d700000,0x0000009b6d800000) (1024K)]
  0x0000023f9f04a830 JavaThread "Thread-2"                   daemon [_thread_in_native, id=2460, stack(0x0000009b6d500000,0x0000009b6d600000) (1024K)]
  0x0000023f9f04c900 JavaThread "JMX server connection timeout 41" daemon [_thread_blocked, id=14072, stack(0x0000009b6d800000,0x0000009b6d900000) (1024K)]
Total: 22

Other Threads:
  0x0000023f5857cf70 VMThread "VM Thread"                           [id=16684, stack(0x0000009b6b500000,0x0000009b6b600000) (1024K)]
  0x0000023f5856a790 WatcherThread "VM Periodic Task Thread"        [id=7072, stack(0x0000009b6b400000,0x0000009b6b500000) (1024K)]
  0x0000023f3ba66770 WorkerThread "GC Thread#0"                     [id=11828, stack(0x0000009b6af00000,0x0000009b6b000000) (1024K)]
  0x0000023f9e6d6130 WorkerThread "GC Thread#1"                     [id=14352, stack(0x0000009b6c900000,0x0000009b6ca00000) (1024K)]
  0x0000023f9e6d64e0 WorkerThread "GC Thread#2"                     [id=3140, stack(0x0000009b6ca00000,0x0000009b6cb00000) (1024K)]
  0x0000023fa34e7790 WorkerThread "GC Thread#3"                     [id=8836, stack(0x0000009b6cb00000,0x0000009b6cc00000) (1024K)]
  0x0000023f9f1d1dd0 WorkerThread "GC Thread#4"                     [id=10024, stack(0x0000009b6cc00000,0x0000009b6cd00000) (1024K)]
  0x0000023f9f1d1670 WorkerThread "GC Thread#5"                     [id=15748, stack(0x0000009b6cd00000,0x0000009b6ce00000) (1024K)]
  0x0000023f9f1d1a20 WorkerThread "GC Thread#6"                     [id=12960, stack(0x0000009b6ce00000,0x0000009b6cf00000) (1024K)]
  0x0000023f9f1d0f10 WorkerThread "GC Thread#7"                     [id=11624, stack(0x0000009b6cf00000,0x0000009b6d000000) (1024K)]
  0x0000023f9f1d2530 WorkerThread "GC Thread#8"                     [id=3268, stack(0x0000009b6d000000,0x0000009b6d100000) (1024K)]
  0x0000023f9f1d2180 WorkerThread "GC Thread#9"                     [id=1388, stack(0x0000009b6d100000,0x0000009b6d200000) (1024K)]
  0x0000023f3ba7c2e0 ConcurrentGCThread "G1 Main Marker"            [id=9880, stack(0x0000009b6b000000,0x0000009b6b100000) (1024K)]
  0x0000023f3ba7cdf0 WorkerThread "G1 Conc#0"                       [id=15704, stack(0x0000009b6b100000,0x0000009b6b200000) (1024K)]
  0x0000023f3bace580 ConcurrentGCThread "G1 Refine#0"               [id=13904, stack(0x0000009b6b200000,0x0000009b6b300000) (1024K)]
  0x0000023f5843b110 ConcurrentGCThread "G1 Service"                [id=14812, stack(0x0000009b6b300000,0x0000009b6b400000) (1024K)]
Total: 16

Threads with active compile tasks:
C2 CompilerThread0  1541 3031       4       javafx.css.CompoundSelector::applies (144 bytes)
C2 CompilerThread1  1541 2887       4       java.lang.invoke.MethodType::makeImpl (109 bytes)
Total: 2

VM state: not at safepoint (normal execution)

VM Mutex/Monitor currently owned by a thread:  ([mutex/lock_event])
[0x00007ffb96fb1890] Metaspace_lock - owner thread: 0x0000023f9f770e50

OutOfMemory and StackOverflow Exception counts:
OutOfMemoryError java_heap_errors=2
LinkageErrors=45

Heap address: 0x0000000084400000, size: 1980 MB, Compressed Oops mode: 32-bit

CDS archive(s) mapped at: [0x0000023f59000000-0x0000023f59d70000-0x0000023f59d70000), size 14090240, SharedBaseAddress: 0x0000023f59000000, ArchiveRelocationMode: 1.
Compressed class space mapped at: 0x0000023f5a000000-0x0000023f9a000000, reserved size: 1073741824
Narrow klass base: 0x0000023f59000000, Narrow klass shift: 0, Narrow klass range: 0x41000000

GC Precious Log:
 CardTable entry size: 512
 Card Set container configuration: InlinePtr #cards 5 size 8 Array Of Cards #cards 10 size 36 Howl #buckets 4 coarsen threshold 1843 Howl Bitmap #cards 512 size 80 coarsen threshold 460 Card regions per heap region 1 cards per card region 2048
 CPUs: 12 total, 12 available
 Memory: 7918M
 Large Page Support: Disabled
 NUMA Support: Disabled
 Compressed Oops: Enabled (32-bit)
 Heap Region Size: 1M
 Heap Min Capacity: 8M
 Heap Initial Capacity: 124M
 Heap Max Capacity: 1980M
 Pre-touch: Disabled
 Parallel Workers: 10
 Concurrent Workers: 3
 Concurrent Refinement Workers: 10
 Periodic GC: Disabled

Heap:
 garbage-first heap   total reserved 2027520K, committed 126976K, used 67150K [0x0000000084400000, 0x0000000100000000)
  region size 1024K, 47 young (48128K), 3 survivors (3072K)
 Metaspace       used 18938K, committed 19328K, reserved 1114112K
  class space    used 2642K, committed 2816K, reserved 1048576K

Heap Regions: E=young(eden), S=young(survivor), O=old, HS=humongous(starts), HC=humongous(continues), CS=collection set, F=free, TAMS=top-at-mark-start, PB=parsable bottom
|   0|0x0000000084400000, 0x0000000084500000, 0x0000000084500000|100%| O|  |TAMS 0x0000000084400000| PB 0x0000000084400000| Untracked |  0
|   1|0x0000000084500000, 0x0000000084600000, 0x0000000084600000|100%| O|  |TAMS 0x0000000084500000| PB 0x0000000084500000| Untracked |  0
|   2|0x0000000084600000, 0x0000000084700000, 0x0000000084700000|100%| O|  |TAMS 0x0000000084600000| PB 0x0000000084600000| Untracked |  0
|   3|0x0000000084700000, 0x0000000084800000, 0x0000000084800000|100%| O|  |TAMS 0x0000000084700000| PB 0x0000000084700000| Untracked |  0
|   4|0x0000000084800000, 0x00000000848fba40, 0x0000000084900000| 98%| O|  |TAMS 0x0000000084800000| PB 0x0000000084800000| Untracked |  0
|   5|0x0000000084900000, 0x0000000084a00000, 0x0000000084a00000|100%|HS|  |TAMS 0x0000000084900000| PB 0x0000000084900000| Complete |  0
|   6|0x0000000084a00000, 0x0000000084b00000, 0x0000000084b00000|100%|HS|  |TAMS 0x0000000084a00000| PB 0x0000000084a00000| Complete |  0
|   7|0x0000000084b00000, 0x0000000084c00000, 0x0000000084c00000|100%|HS|  |TAMS 0x0000000084b00000| PB 0x0000000084b00000| Complete |  0
|   8|0x0000000084c00000, 0x0000000084d00000, 0x0000000084d00000|100%|HS|  |TAMS 0x0000000084c00000| PB 0x0000000084c00000| Complete |  0
|   9|0x0000000084d00000, 0x0000000084e00000, 0x0000000084e00000|100%|HS|  |TAMS 0x0000000084d00000| PB 0x0000000084d00000| Complete |  0
|  10|0x0000000084e00000, 0x0000000084f00000, 0x0000000084f00000|100%|HS|  |TAMS 0x0000000084e00000| PB 0x0000000084e00000| Complete |  0
|  11|0x0000000084f00000, 0x0000000085000000, 0x0000000085000000|100%|HS|  |TAMS 0x0000000084f00000| PB 0x0000000084f00000| Complete |  0
|  12|0x0000000085000000, 0x0000000085100000, 0x0000000085100000|100%|HS|  |TAMS 0x0000000085000000| PB 0x0000000085000000| Complete |  0
|  13|0x0000000085100000, 0x0000000085200000, 0x0000000085200000|100%|HS|  |TAMS 0x0000000085100000| PB 0x0000000085100000| Complete |  0
|  14|0x0000000085200000, 0x0000000085300000, 0x0000000085300000|100%|HS|  |TAMS 0x0000000085200000| PB 0x0000000085200000| Complete |  0
|  15|0x0000000085300000, 0x0000000085400000, 0x0000000085400000|100%|HS|  |TAMS 0x0000000085300000| PB 0x0000000085300000| Complete |  0
|  16|0x0000000085400000, 0x0000000085500000, 0x0000000085500000|100%|HS|  |TAMS 0x0000000085400000| PB 0x0000000085400000| Complete |  0
|  17|0x0000000085500000, 0x0000000085600000, 0x0000000085600000|100%|HS|  |TAMS 0x0000000085500000| PB 0x0000000085500000| Complete |  0
|  18|0x0000000085600000, 0x0000000085700000, 0x0000000085700000|100%|HS|  |TAMS 0x0000000085600000| PB 0x0000000085600000| Complete |  0
|  19|0x0000000085700000, 0x0000000085800000, 0x0000000085800000|100%|HS|  |TAMS 0x0000000085700000| PB 0x0000000085700000| Complete |  0
|  20|0x0000000085800000, 0x0000000085900000, 0x0000000085900000|100%|HS|  |TAMS 0x0000000085800000| PB 0x0000000085800000| Complete |  0
|  21|0x0000000085900000, 0x0000000085900000, 0x0000000085a00000|  0%| F|  |TAMS 0x0000000085900000| PB 0x0000000085900000| Untracked |  0
|  22|0x0000000085a00000, 0x0000000085a00000, 0x0000000085b00000|  0%| F|  |TAMS 0x0000000085a00000| PB 0x0000000085a00000| Untracked |  0
|  23|0x0000000085b00000, 0x0000000085b00000, 0x0000000085c00000|  0%| F|  |TAMS 0x0000000085b00000| PB 0x0000000085b00000| Untracked |  0
|  24|0x0000000085c00000, 0x0000000085c00000, 0x0000000085d00000|  0%| F|  |TAMS 0x0000000085c00000| PB 0x0000000085c00000| Untracked |  0
|  25|0x0000000085d00000, 0x0000000085d00000, 0x0000000085e00000|  0%| F|  |TAMS 0x0000000085d00000| PB 0x0000000085d00000| Untracked |  0
|  26|0x0000000085e00000, 0x0000000085e00000, 0x0000000085f00000|  0%| F|  |TAMS 0x0000000085e00000| PB 0x0000000085e00000| Untracked |  0
|  27|0x0000000085f00000, 0x0000000085f00000, 0x0000000086000000|  0%| F|  |TAMS 0x0000000085f00000| PB 0x0000000085f00000| Untracked |  0
|  28|0x0000000086000000, 0x0000000086000000, 0x0000000086100000|  0%| F|  |TAMS 0x0000000086000000| PB 0x0000000086000000| Untracked |  0
|  29|0x0000000086100000, 0x0000000086100000, 0x0000000086200000|  0%| F|  |TAMS 0x0000000086100000| PB 0x0000000086100000| Untracked |  0
|  30|0x0000000086200000, 0x0000000086200000, 0x0000000086300000|  0%| F|  |TAMS 0x0000000086200000| PB 0x0000000086200000| Untracked |  0
|  31|0x0000000086300000, 0x0000000086300000, 0x0000000086400000|  0%| F|  |TAMS 0x0000000086300000| PB 0x0000000086300000| Untracked |  0
|  32|0x0000000086400000, 0x0000000086400000, 0x0000000086500000|  0%| F|  |TAMS 0x0000000086400000| PB 0x0000000086400000| Untracked |  0
|  33|0x0000000086500000, 0x0000000086500000, 0x0000000086600000|  0%| F|  |TAMS 0x0000000086500000| PB 0x0000000086500000| Untracked |  0
|  34|0x0000000086600000, 0x0000000086600000, 0x0000000086700000|  0%| F|  |TAMS 0x0000000086600000| PB 0x0000000086600000| Untracked |  0
|  35|0x0000000086700000, 0x0000000086700000, 0x0000000086800000|  0%| F|  |TAMS 0x0000000086700000| PB 0x0000000086700000| Untracked |  0
|  36|0x0000000086800000, 0x0000000086800000, 0x0000000086900000|  0%| F|  |TAMS 0x0000000086800000| PB 0x0000000086800000| Untracked |  0
|  37|0x0000000086900000, 0x0000000086900000, 0x0000000086a00000|  0%| F|  |TAMS 0x0000000086900000| PB 0x0000000086900000| Untracked |  0
|  38|0x0000000086a00000, 0x0000000086a00000, 0x0000000086b00000|  0%| F|  |TAMS 0x0000000086a00000| PB 0x0000000086a00000| Untracked |  0
|  39|0x0000000086b00000, 0x0000000086b00000, 0x0000000086c00000|  0%| F|  |TAMS 0x0000000086b00000| PB 0x0000000086b00000| Untracked |  0
|  40|0x0000000086c00000, 0x0000000086c00000, 0x0000000086d00000|  0%| F|  |TAMS 0x0000000086c00000| PB 0x0000000086c00000| Untracked |  0
|  41|0x0000000086d00000, 0x0000000086d00000, 0x0000000086e00000|  0%| F|  |TAMS 0x0000000086d00000| PB 0x0000000086d00000| Untracked |  0
|  42|0x0000000086e00000, 0x0000000086e00000, 0x0000000086f00000|  0%| F|  |TAMS 0x0000000086e00000| PB 0x0000000086e00000| Untracked |  0
|  43|0x0000000086f00000, 0x0000000086f00000, 0x0000000087000000|  0%| F|  |TAMS 0x0000000086f00000| PB 0x0000000086f00000| Untracked |  0
|  44|0x0000000087000000, 0x0000000087000000, 0x0000000087100000|  0%| F|  |TAMS 0x0000000087000000| PB 0x0000000087000000| Untracked |  0
|  45|0x0000000087100000, 0x0000000087100000, 0x0000000087200000|  0%| F|  |TAMS 0x0000000087100000| PB 0x0000000087100000| Untracked |  0
|  46|0x0000000087200000, 0x0000000087200000, 0x0000000087300000|  0%| F|  |TAMS 0x0000000087200000| PB 0x0000000087200000| Untracked |  0
|  47|0x0000000087300000, 0x0000000087300000, 0x0000000087400000|  0%| F|  |TAMS 0x0000000087300000| PB 0x0000000087300000| Untracked |  0
|  48|0x0000000087400000, 0x0000000087400000, 0x0000000087500000|  0%| F|  |TAMS 0x0000000087400000| PB 0x0000000087400000| Untracked |  0
|  49|0x0000000087500000, 0x0000000087500000, 0x0000000087600000|  0%| F|  |TAMS 0x0000000087500000| PB 0x0000000087500000| Untracked |  0
|  50|0x0000000087600000, 0x0000000087600000, 0x0000000087700000|  0%| F|  |TAMS 0x0000000087600000| PB 0x0000000087600000| Untracked |  0
|  51|0x0000000087700000, 0x0000000087700000, 0x0000000087800000|  0%| F|  |TAMS 0x0000000087700000| PB 0x0000000087700000| Untracked |  0
|  52|0x0000000087800000, 0x0000000087800000, 0x0000000087900000|  0%| F|  |TAMS 0x0000000087800000| PB 0x0000000087800000| Untracked |  0
|  53|0x0000000087900000, 0x0000000087900000, 0x0000000087a00000|  0%| F|  |TAMS 0x0000000087900000| PB 0x0000000087900000| Untracked |  0
|  54|0x0000000087a00000, 0x0000000087a00000, 0x0000000087b00000|  0%| F|  |TAMS 0x0000000087a00000| PB 0x0000000087a00000| Untracked |  0
|  55|0x0000000087b00000, 0x0000000087b00000, 0x0000000087c00000|  0%| F|  |TAMS 0x0000000087b00000| PB 0x0000000087b00000| Untracked |  0
|  56|0x0000000087c00000, 0x0000000087c00000, 0x0000000087d00000|  0%| F|  |TAMS 0x0000000087c00000| PB 0x0000000087c00000| Untracked |  0
|  57|0x0000000087d00000, 0x0000000087d00000, 0x0000000087e00000|  0%| F|  |TAMS 0x0000000087d00000| PB 0x0000000087d00000| Untracked |  0
|  58|0x0000000087e00000, 0x0000000087e00000, 0x0000000087f00000|  0%| F|  |TAMS 0x0000000087e00000| PB 0x0000000087e00000| Untracked |  0
|  59|0x0000000087f00000, 0x0000000087f00000, 0x0000000088000000|  0%| F|  |TAMS 0x0000000087f00000| PB 0x0000000087f00000| Untracked |  0
|  60|0x0000000088000000, 0x0000000088000000, 0x0000000088100000|  0%| F|  |TAMS 0x0000000088000000| PB 0x0000000088000000| Untracked |  0
|  61|0x0000000088100000, 0x0000000088100000, 0x0000000088200000|  0%| F|  |TAMS 0x0000000088100000| PB 0x0000000088100000| Untracked |  0
|  62|0x0000000088200000, 0x0000000088200000, 0x0000000088300000|  0%| F|  |TAMS 0x0000000088200000| PB 0x0000000088200000| Untracked |  0
|  63|0x0000000088300000, 0x0000000088300000, 0x0000000088400000|  0%| F|  |TAMS 0x0000000088300000| PB 0x0000000088300000| Untracked |  0
|  64|0x0000000088400000, 0x0000000088400000, 0x0000000088500000|  0%| F|  |TAMS 0x0000000088400000| PB 0x0000000088400000| Untracked |  0
|  65|0x0000000088500000, 0x0000000088500000, 0x0000000088600000|  0%| F|  |TAMS 0x0000000088500000| PB 0x0000000088500000| Untracked |  0
|  66|0x0000000088600000, 0x0000000088600000, 0x0000000088700000|  0%| F|  |TAMS 0x0000000088600000| PB 0x0000000088600000| Untracked |  0
|  67|0x0000000088700000, 0x0000000088700000, 0x0000000088800000|  0%| F|  |TAMS 0x0000000088700000| PB 0x0000000088700000| Untracked |  0
|  68|0x0000000088800000, 0x0000000088800000, 0x0000000088900000|  0%| F|  |TAMS 0x0000000088800000| PB 0x0000000088800000| Untracked |  0
|  69|0x0000000088900000, 0x0000000088900000, 0x0000000088a00000|  0%| F|  |TAMS 0x0000000088900000| PB 0x0000000088900000| Untracked |  0
|  70|0x0000000088a00000, 0x0000000088a00000, 0x0000000088b00000|  0%| F|  |TAMS 0x0000000088a00000| PB 0x0000000088a00000| Untracked |  0
|  71|0x0000000088b00000, 0x0000000088b00000, 0x0000000088c00000|  0%| F|  |TAMS 0x0000000088b00000| PB 0x0000000088b00000| Untracked |  0
|  72|0x0000000088c00000, 0x0000000088c00000, 0x0000000088d00000|  0%| F|  |TAMS 0x0000000088c00000| PB 0x0000000088c00000| Untracked |  0
|  73|0x0000000088d00000, 0x0000000088d00000, 0x0000000088e00000|  0%| F|  |TAMS 0x0000000088d00000| PB 0x0000000088d00000| Untracked |  0
|  74|0x0000000088e00000, 0x0000000088e00000, 0x0000000088f00000|  0%| F|  |TAMS 0x0000000088e00000| PB 0x0000000088e00000| Untracked |  0
|  75|0x0000000088f00000, 0x0000000088f00000, 0x0000000089000000|  0%| F|  |TAMS 0x0000000088f00000| PB 0x0000000088f00000| Untracked |  0
|  76|0x0000000089000000, 0x0000000089000000, 0x0000000089100000|  0%| F|  |TAMS 0x0000000089000000| PB 0x0000000089000000| Untracked |  0
|  77|0x0000000089100000, 0x00000000891e3bf0, 0x0000000089200000| 88%| E|  |TAMS 0x0000000089100000| PB 0x0000000089100000| Complete |  0
|  78|0x0000000089200000, 0x0000000089300000, 0x0000000089300000|100%| E|CS|TAMS 0x0000000089200000| PB 0x0000000089200000| Complete |  0
|  79|0x0000000089300000, 0x0000000089400000, 0x0000000089400000|100%| E|CS|TAMS 0x0000000089300000| PB 0x0000000089300000| Complete |  0
|  80|0x0000000089400000, 0x0000000089500000, 0x0000000089500000|100%| E|CS|TAMS 0x0000000089400000| PB 0x0000000089400000| Complete |  0
|  81|0x0000000089500000, 0x0000000089600000, 0x0000000089600000|100%| E|CS|TAMS 0x0000000089500000| PB 0x0000000089500000| Complete |  0
|  82|0x0000000089600000, 0x0000000089700000, 0x0000000089700000|100%| E|CS|TAMS 0x0000000089600000| PB 0x0000000089600000| Complete |  0
|  83|0x0000000089700000, 0x0000000089800000, 0x0000000089800000|100%| E|CS|TAMS 0x0000000089700000| PB 0x0000000089700000| Complete |  0
|  84|0x0000000089800000, 0x0000000089900000, 0x0000000089900000|100%| E|CS|TAMS 0x0000000089800000| PB 0x0000000089800000| Complete |  0
|  85|0x0000000089900000, 0x0000000089a00000, 0x0000000089a00000|100%| E|CS|TAMS 0x0000000089900000| PB 0x0000000089900000| Complete |  0
|  86|0x0000000089a00000, 0x0000000089b00000, 0x0000000089b00000|100%| E|CS|TAMS 0x0000000089a00000| PB 0x0000000089a00000| Complete |  0
|  87|0x0000000089b00000, 0x0000000089c00000, 0x0000000089c00000|100%| E|CS|TAMS 0x0000000089b00000| PB 0x0000000089b00000| Complete |  0
|  88|0x0000000089c00000, 0x0000000089d00000, 0x0000000089d00000|100%| E|CS|TAMS 0x0000000089c00000| PB 0x0000000089c00000| Complete |  0
|  89|0x0000000089d00000, 0x0000000089e00000, 0x0000000089e00000|100%| E|  |TAMS 0x0000000089d00000| PB 0x0000000089d00000| Complete |  0
|  90|0x0000000089e00000, 0x0000000089f00000, 0x0000000089f00000|100%| E|CS|TAMS 0x0000000089e00000| PB 0x0000000089e00000| Complete |  0
|  91|0x0000000089f00000, 0x000000008a000000, 0x000000008a000000|100%| E|CS|TAMS 0x0000000089f00000| PB 0x0000000089f00000| Complete |  0
|  92|0x000000008a000000, 0x000000008a100000, 0x000000008a100000|100%| E|CS|TAMS 0x000000008a000000| PB 0x000000008a000000| Complete |  0
|  93|0x000000008a100000, 0x000000008a200000, 0x000000008a200000|100%| E|CS|TAMS 0x000000008a100000| PB 0x000000008a100000| Complete |  0
|  94|0x000000008a200000, 0x000000008a300000, 0x000000008a300000|100%| E|CS|TAMS 0x000000008a200000| PB 0x000000008a200000| Complete |  0
|  95|0x000000008a300000, 0x000000008a400000, 0x000000008a400000|100%| E|CS|TAMS 0x000000008a300000| PB 0x000000008a300000| Complete |  0
|  96|0x000000008a400000, 0x000000008a500000, 0x000000008a500000|100%| E|CS|TAMS 0x000000008a400000| PB 0x000000008a400000| Complete |  0
|  97|0x000000008a500000, 0x000000008a600000, 0x000000008a600000|100%| E|CS|TAMS 0x000000008a500000| PB 0x000000008a500000| Complete |  0
|  98|0x000000008a600000, 0x000000008a700000, 0x000000008a700000|100%| E|CS|TAMS 0x000000008a600000| PB 0x000000008a600000| Complete |  0
|  99|0x000000008a700000, 0x000000008a800000, 0x000000008a800000|100%| E|CS|TAMS 0x000000008a700000| PB 0x000000008a700000| Complete |  0
| 100|0x000000008a800000, 0x000000008a900000, 0x000000008a900000|100%| E|CS|TAMS 0x000000008a800000| PB 0x000000008a800000| Complete |  0
| 101|0x000000008a900000, 0x000000008a998020, 0x000000008aa00000| 59%| S|CS|TAMS 0x000000008a900000| PB 0x000000008a900000| Complete |  0
| 102|0x000000008aa00000, 0x000000008ab00000, 0x000000008ab00000|100%| S|CS|TAMS 0x000000008aa00000| PB 0x000000008aa00000| Complete |  0
| 103|0x000000008ab00000, 0x000000008ac00000, 0x000000008ac00000|100%| S|CS|TAMS 0x000000008ab00000| PB 0x000000008ab00000| Complete |  0
| 104|0x000000008ac00000, 0x000000008ad00000, 0x000000008ad00000|100%| E|CS|TAMS 0x000000008ac00000| PB 0x000000008ac00000| Complete |  0
| 105|0x000000008ad00000, 0x000000008ae00000, 0x000000008ae00000|100%| E|CS|TAMS 0x000000008ad00000| PB 0x000000008ad00000| Complete |  0
| 106|0x000000008ae00000, 0x000000008af00000, 0x000000008af00000|100%| E|CS|TAMS 0x000000008ae00000| PB 0x000000008ae00000| Complete |  0
| 107|0x000000008af00000, 0x000000008b000000, 0x000000008b000000|100%| E|CS|TAMS 0x000000008af00000| PB 0x000000008af00000| Complete |  0
| 108|0x000000008b000000, 0x000000008b100000, 0x000000008b100000|100%| E|CS|TAMS 0x000000008b000000| PB 0x000000008b000000| Complete |  0
| 109|0x000000008b100000, 0x000000008b200000, 0x000000008b200000|100%| E|CS|TAMS 0x000000008b100000| PB 0x000000008b100000| Complete |  0
| 110|0x000000008b200000, 0x000000008b300000, 0x000000008b300000|100%| E|CS|TAMS 0x000000008b200000| PB 0x000000008b200000| Complete |  0
| 111|0x000000008b300000, 0x000000008b400000, 0x000000008b400000|100%| E|CS|TAMS 0x000000008b300000| PB 0x000000008b300000| Complete |  0
| 112|0x000000008b400000, 0x000000008b500000, 0x000000008b500000|100%| E|CS|TAMS 0x000000008b400000| PB 0x000000008b400000| Complete |  0
| 113|0x000000008b500000, 0x000000008b600000, 0x000000008b600000|100%| E|CS|TAMS 0x000000008b500000| PB 0x000000008b500000| Complete |  0
| 114|0x000000008b600000, 0x000000008b700000, 0x000000008b700000|100%| E|CS|TAMS 0x000000008b600000| PB 0x000000008b600000| Complete |  0
| 115|0x000000008b700000, 0x000000008b800000, 0x000000008b800000|100%| E|CS|TAMS 0x000000008b700000| PB 0x000000008b700000| Complete |  0
| 116|0x000000008b800000, 0x000000008b900000, 0x000000008b900000|100%| E|CS|TAMS 0x000000008b800000| PB 0x000000008b800000| Complete |  0
| 117|0x000000008b900000, 0x000000008ba00000, 0x000000008ba00000|100%| E|CS|TAMS 0x000000008b900000| PB 0x000000008b900000| Complete |  0
| 118|0x000000008ba00000, 0x000000008bb00000, 0x000000008bb00000|100%| E|CS|TAMS 0x000000008ba00000| PB 0x000000008ba00000| Complete |  0
| 119|0x000000008bb00000, 0x000000008bc00000, 0x000000008bc00000|100%| E|CS|TAMS 0x000000008bb00000| PB 0x000000008bb00000| Complete |  0
| 120|0x000000008bc00000, 0x000000008bd00000, 0x000000008bd00000|100%| E|CS|TAMS 0x000000008bc00000| PB 0x000000008bc00000| Complete |  0
| 121|0x000000008bd00000, 0x000000008be00000, 0x000000008be00000|100%| E|CS|TAMS 0x000000008bd00000| PB 0x000000008bd00000| Complete |  0
| 122|0x000000008be00000, 0x000000008bf00000, 0x000000008bf00000|100%| E|CS|TAMS 0x000000008be00000| PB 0x000000008be00000| Complete |  0
| 123|0x000000008bf00000, 0x000000008c000000, 0x000000008c000000|100%| E|CS|TAMS 0x000000008bf00000| PB 0x000000008bf00000| Complete |  0

Card table byte_map: [0x0000023f53b90000,0x0000023f53f70000] _byte_map_base: 0x0000023f5376e000

Marking Bits: (CMBitMap*) 0x0000023f3ba66e80
 Bits: [0x0000023f53f70000, 0x0000023f55e60000)

Polling page: 0x0000023f398f0000

Metaspace:

Usage:
  Non-class:     15.91 MB used.
      Class:      2.58 MB used.
       Both:     18.49 MB used.

Virtual space:
  Non-class space:       64.00 MB reserved,      16.12 MB ( 25%) committed,  1 nodes.
      Class space:        1.00 GB reserved,       2.75 MB ( <1%) committed,  1 nodes.
             Both:        1.06 GB reserved,      18.88 MB (  2%) committed. 

Chunk freelists:
   Non-Class:  15.58 MB
       Class:  13.17 MB
        Both:  28.75 MB

MaxMetaspaceSize: unlimited
CompressedClassSpaceSize: 1.00 GB
Initial GC threshold: 21.00 MB
Current GC threshold: 21.00 MB
CDS: on
 - commit_granule_bytes: 65536.
 - commit_granule_words: 8192.
 - virtual_space_node_default_size: 8388608.
 - enlarge_chunks_in_place: 1.
 - use_allocation_guard: 0.


Internal statistics:

num_allocs_failed_limit: 0.
num_arena_births: 458.
num_arena_deaths: 0.
num_vsnodes_births: 2.
num_vsnodes_deaths: 0.
num_space_committed: 302.
num_space_uncommitted: 0.
num_chunks_returned_to_freelist: 0.
num_chunks_taken_from_freelist: 970.
num_chunk_merges: 0.
num_chunk_splits: 604.
num_chunks_enlarged: 388.
num_inconsistent_stats: 0.

CodeHeap 'non-profiled nmethods': size=120064Kb used=1020Kb max_used=1020Kb free=119043Kb
 bounds [0x0000023f4bc00000, 0x0000023f4be70000, 0x0000023f53140000]
CodeHeap 'profiled nmethods': size=120000Kb used=4637Kb max_used=4637Kb free=115362Kb
 bounds [0x0000023f44140000, 0x0000023f445d0000, 0x0000023f4b670000]
CodeHeap 'non-nmethods': size=5696Kb used=1742Kb max_used=1756Kb free=3953Kb
 bounds [0x0000023f4b670000, 0x0000023f4b8e0000, 0x0000023f4bc00000]
CodeCache: size=245760Kb, used=7399Kb, max_used=7413Kb, free=238358Kb
 total_blobs=3832, nmethods=3041, adapters=695, full_count=0
Compilation: enabled, stopped_count=0, restarted_count=0

Compilation events (20 events):
Event: 1.499 Thread 0x0000023f585a0da0 nmethod 2980 0x0000023f4bcfb488 code [0x0000023f4bcfb660, 0x0000023f4bcfc040]
Event: 1.499 Thread 0x0000023f585a0da0 2986       4       java.util.Arrays::equals (57 bytes)
Event: 1.500 Thread 0x0000023f585acf10 2998       3       java.util.EnumSet::noneOf (63 bytes)
Event: 1.500 Thread 0x0000023f585acf10 nmethod 2998 0x0000023f445aad08 code [0x0000023f445aaf60, 0x0000023f445abd28]
Event: 1.500 Thread 0x0000023f585acf10 2999       3       java.util.EnumSet::getUniverse (10 bytes)
Event: 1.500 Thread 0x0000023f585acf10 nmethod 2999 0x0000023f445abe08 code [0x0000023f445abf40, 0x0000023f445ac240]
Event: 1.500 Thread 0x0000023f585acf10 3000       3       java.util.RegularEnumSet::<init> (12 bytes)
Event: 1.500 Thread 0x0000023f585acf10 nmethod 3000 0x0000023f445ac288 code [0x0000023f445ac3c0, 0x0000023f445ac700]
Event: 1.500 Thread 0x0000023f585acf10 3001       3       java.util.EnumSet::<init> (15 bytes)
Event: 1.500 Thread 0x0000023f585acf10 nmethod 3001 0x0000023f445ac788 code [0x0000023f445ac8c0, 0x0000023f445acb98]
Event: 1.500 Thread 0x0000023f585acf10 3002       3       javafx.beans.property.StringProperty::<init> (5 bytes)
Event: 1.501 Thread 0x0000023f585a0da0 nmethod 2986 0x0000023f4bcfc188 code [0x0000023f4bcfc2a0, 0x0000023f4bcfc448]
Event: 1.501 Thread 0x0000023f585a0da0 2985       4       javafx.css.SimpleSelector::applies (140 bytes)
Event: 1.501 Thread 0x0000023f585acf10 nmethod 3002 0x0000023f445acc08 code [0x0000023f445acd40, 0x0000023f445acf68]
Event: 1.501 Thread 0x0000023f585acf10 3003       3       javafx.beans.property.ReadOnlyStringProperty::<init> (5 bytes)
Event: 1.501 Thread 0x0000023f585acf10 nmethod 3003 0x0000023f445ad008 code [0x0000023f445ad120, 0x0000023f445ad2e8]
Event: 1.501 Thread 0x0000023f585acf10 3004       3       javafx.scene.Node::setAccessibleRole (17 bytes)
Event: 1.501 Thread 0x0000023f585acf10 nmethod 3004 0x0000023f445ad388 code [0x0000023f445ad4c0, 0x0000023f445ad710]
Event: 1.501 Thread 0x0000023f585acf10 3005       3       javafx.scene.Node::accessibleRoleProperty (30 bytes)
Event: 1.501 Thread 0x0000023f585acf10 nmethod 3005 0x0000023f445ad788 code [0x0000023f445ad8e0, 0x0000023f445ade80]

GC Heap History (4 events):
Event: 0.526 GC heap before
{Heap before GC invocations=0 (full 0):
 garbage-first heap   total reserved 2027520K, committed 126976K, used 23552K [0x0000000084400000, 0x0000000100000000)
  region size 1024K, 24 young (24576K), 0 survivors (0K)
 Metaspace       used 7153K, committed 7360K, reserved 1114112K
  class space    used 815K, committed 896K, reserved 1048576K
}
Event: 0.545 GC heap after
{Heap after GC invocations=1 (full 0):
 garbage-first heap   total reserved 2027520K, committed 126976K, used 5440K [0x0000000084400000, 0x0000000100000000)
  region size 1024K, 3 young (3072K), 3 survivors (3072K)
 Metaspace       used 7153K, committed 7360K, reserved 1114112K
  class space    used 815K, committed 896K, reserved 1048576K
}
Event: 0.782 GC heap before
{Heap before GC invocations=1 (full 0):
 garbage-first heap   total reserved 2027520K, committed 126976K, used 24896K [0x0000000084400000, 0x0000000100000000)
  region size 1024K, 23 young (23552K), 3 survivors (3072K)
 Metaspace       used 10959K, committed 11328K, reserved 1114112K
  class space    used 1348K, committed 1536K, reserved 1048576K
}
Event: 0.785 GC heap after
{Heap after GC invocations=2 (full 0):
 garbage-first heap   total reserved 2027520K, committed 126976K, used 7758K [0x0000000084400000, 0x0000000100000000)
  region size 1024K, 3 young (3072K), 3 survivors (3072K)
 Metaspace       used 10959K, committed 11328K, reserved 1114112K
  class space    used 1348K, committed 1536K, reserved 1048576K
}

Dll operation events (20 events):
Event: 0.327 Loaded shared library C:\Users\celes\Downloads\openjfx-23.0.1_windows-x64_bin-sdk\javafx-sdk-23.0.1\bin\api-ms-win-crt-heap-l1-1-0.dll
Event: 0.329 Loaded shared library C:\Users\celes\Downloads\openjfx-23.0.1_windows-x64_bin-sdk\javafx-sdk-23.0.1\bin\api-ms-win-crt-locale-l1-1-0.dll
Event: 0.331 Loaded shared library C:\Users\celes\Downloads\openjfx-23.0.1_windows-x64_bin-sdk\javafx-sdk-23.0.1\bin\api-ms-win-crt-math-l1-1-0.dll
Event: 0.332 Loaded shared library C:\Users\celes\Downloads\openjfx-23.0.1_windows-x64_bin-sdk\javafx-sdk-23.0.1\bin\api-ms-win-crt-multibyte-l1-1-0.dll
Event: 0.333 Loaded shared library C:\Users\celes\Downloads\openjfx-23.0.1_windows-x64_bin-sdk\javafx-sdk-23.0.1\bin\api-ms-win-crt-private-l1-1-0.dll
Event: 0.334 Loaded shared library C:\Users\celes\Downloads\openjfx-23.0.1_windows-x64_bin-sdk\javafx-sdk-23.0.1\bin\api-ms-win-crt-process-l1-1-0.dll
Event: 0.335 Loaded shared library C:\Users\celes\Downloads\openjfx-23.0.1_windows-x64_bin-sdk\javafx-sdk-23.0.1\bin\api-ms-win-crt-runtime-l1-1-0.dll
Event: 0.336 Loaded shared library C:\Users\celes\Downloads\openjfx-23.0.1_windows-x64_bin-sdk\javafx-sdk-23.0.1\bin\api-ms-win-crt-stdio-l1-1-0.dll
Event: 0.338 Loaded shared library C:\Users\celes\Downloads\openjfx-23.0.1_windows-x64_bin-sdk\javafx-sdk-23.0.1\bin\api-ms-win-crt-string-l1-1-0.dll
Event: 0.338 Loaded shared library C:\Users\celes\Downloads\openjfx-23.0.1_windows-x64_bin-sdk\javafx-sdk-23.0.1\bin\api-ms-win-crt-time-l1-1-0.dll
Event: 0.339 Loaded shared library C:\Users\celes\Downloads\openjfx-23.0.1_windows-x64_bin-sdk\javafx-sdk-23.0.1\bin\api-ms-win-crt-utility-l1-1-0.dll
Event: 0.341 Loaded shared library C:\Users\celes\Downloads\openjfx-23.0.1_windows-x64_bin-sdk\javafx-sdk-23.0.1\bin\ucrtbase.dll
Event: 0.343 Loaded shared library C:\Users\celes\Downloads\openjfx-23.0.1_windows-x64_bin-sdk\javafx-sdk-23.0.1\bin\vcruntime140.dll
Event: 0.345 Loaded shared library C:\Users\celes\Downloads\openjfx-23.0.1_windows-x64_bin-sdk\javafx-sdk-23.0.1\bin\vcruntime140_1.dll
Event: 0.346 Loaded shared library C:\Users\celes\Downloads\openjfx-23.0.1_windows-x64_bin-sdk\javafx-sdk-23.0.1\bin\msvcp140.dll
Event: 0.348 Loaded shared library C:\Users\celes\Downloads\openjfx-23.0.1_windows-x64_bin-sdk\javafx-sdk-23.0.1\bin\msvcp140_1.dll
Event: 0.350 Loaded shared library C:\Users\celes\Downloads\openjfx-23.0.1_windows-x64_bin-sdk\javafx-sdk-23.0.1\bin\msvcp140_2.dll
Event: 0.399 Loaded shared library C:\Users\celes\Downloads\openjfx-23.0.1_windows-x64_bin-sdk\javafx-sdk-23.0.1\bin\prism_d3d.dll
Event: 0.483 Loaded shared library C:\Users\celes\Downloads\openjfx-23.0.1_windows-x64_bin-sdk\javafx-sdk-23.0.1\bin\glass.dll
Event: 0.879 Loaded shared library C:\Users\celes\Downloads\openjfx-23.0.1_windows-x64_bin-sdk\javafx-sdk-23.0.1\bin\javafx_font.dll

Deoptimization events (20 events):
Event: 1.429 Thread 0x0000023f9f770e50 Uncommon trap: trap_request=0xffffffde fr.pc=0x0000023f4bc19098 relative=0x0000000000000198
Event: 1.429 Thread 0x0000023f9f770e50 Uncommon trap: reason=class_check action=maybe_recompile pc=0x0000023f4bc19098 method=java.lang.String.equals(Ljava/lang/Object;)Z @ 8 c2
Event: 1.429 Thread 0x0000023f9f770e50 DEOPT PACKING pc=0x0000023f4bc19098 sp=0x0000009b6c8fdcc0
Event: 1.429 Thread 0x0000023f9f770e50 DEOPT UNPACKING pc=0x0000023f4b6c4402 sp=0x0000009b6c8fdc58 mode 2
Event: 1.445 Thread 0x0000023f9f770e50 Uncommon trap: trap_request=0xffffff45 fr.pc=0x0000023f4bc89e80 relative=0x00000000000002c0
Event: 1.445 Thread 0x0000023f9f770e50 Uncommon trap: reason=unstable_if action=reinterpret pc=0x0000023f4bc89e80 method=java.util.HashMap.hash(Ljava/lang/Object;)I @ 1 c2
Event: 1.445 Thread 0x0000023f9f770e50 DEOPT PACKING pc=0x0000023f4bc89e80 sp=0x0000009b6c8fdbb0
Event: 1.445 Thread 0x0000023f9f770e50 DEOPT UNPACKING pc=0x0000023f4b6c4402 sp=0x0000009b6c8fdaa8 mode 2
Event: 1.447 Thread 0x0000023f9f770e50 Uncommon trap: trap_request=0xffffff45 fr.pc=0x0000023f4bc23bac relative=0x00000000000000ac
Event: 1.447 Thread 0x0000023f9f770e50 Uncommon trap: reason=unstable_if action=reinterpret pc=0x0000023f4bc23bac method=java.util.HashMap.hash(Ljava/lang/Object;)I @ 1 c2
Event: 1.447 Thread 0x0000023f9f770e50 DEOPT PACKING pc=0x0000023f4bc23bac sp=0x0000009b6c8fd680
Event: 1.447 Thread 0x0000023f9f770e50 DEOPT UNPACKING pc=0x0000023f4b6c4402 sp=0x0000009b6c8fd618 mode 2
Event: 1.447 Thread 0x0000023f9f770e50 Uncommon trap: trap_request=0xffffffde fr.pc=0x0000023f4bc9d3f8 relative=0x0000000000000118
Event: 1.447 Thread 0x0000023f9f770e50 Uncommon trap: reason=class_check action=maybe_recompile pc=0x0000023f4bc9d3f8 method=java.util.Map.computeIfAbsent(Ljava/lang/Object;Ljava/util/function/Function;)Ljava/lang/Object; @ 7 c2
Event: 1.447 Thread 0x0000023f9f770e50 DEOPT PACKING pc=0x0000023f4bc9d3f8 sp=0x0000009b6c8fd110
Event: 1.447 Thread 0x0000023f9f770e50 DEOPT UNPACKING pc=0x0000023f4b6c4402 sp=0x0000009b6c8fd0a8 mode 2
Event: 1.447 Thread 0x0000023f9f770e50 Uncommon trap: trap_request=0xffffffde fr.pc=0x0000023f4bc9d3f8 relative=0x0000000000000118
Event: 1.447 Thread 0x0000023f9f770e50 Uncommon trap: reason=class_check action=maybe_recompile pc=0x0000023f4bc9d3f8 method=java.util.Map.computeIfAbsent(Ljava/lang/Object;Ljava/util/function/Function;)Ljava/lang/Object; @ 7 c2
Event: 1.447 Thread 0x0000023f9f770e50 DEOPT PACKING pc=0x0000023f4bc9d3f8 sp=0x0000009b6c8fd110
Event: 1.447 Thread 0x0000023f9f770e50 DEOPT UNPACKING pc=0x0000023f4b6c4402 sp=0x0000009b6c8fd0a8 mode 2

Classes loaded (20 events):
Event: 1.078 Loading class sun/invoke/util/ValueConversions$1
Event: 1.078 Loading class sun/invoke/util/ValueConversions$1 done
Event: 1.079 Loading class java/lang/invoke/BoundMethodHandle$Species_LI
Event: 1.079 Loading class java/lang/invoke/BoundMethodHandle$Species_LI done
Event: 1.087 Loading class java/lang/MatchException
Event: 1.087 Loading class java/lang/MatchException done
Event: 1.089 Loading class java/io/SequenceInputStream
Event: 1.089 Loading class java/io/SequenceInputStream done
Event: 1.106 Loading class java/nio/FloatBuffer
Event: 1.106 Loading class java/nio/FloatBuffer done
Event: 1.133 Loading class java/lang/Byte$ByteCache
Event: 1.133 Loading class java/lang/Byte$ByteCache done
Event: 1.133 Loading class java/lang/Short$ShortCache
Event: 1.134 Loading class java/lang/Short$ShortCache done
Event: 1.186 Loading class java/util/ConcurrentModificationException
Event: 1.186 Loading class java/util/ConcurrentModificationException done
Event: 1.388 Loading class java/util/ResourceBundle$3
Event: 1.388 Loading class java/util/ResourceBundle$3 done
Event: 1.459 Loading class java/io/CharArrayReader
Event: 1.460 Loading class java/io/CharArrayReader done

Classes unloaded (0 events):
No events

Classes redefined (0 events):
No events

Internal exceptions (20 events):
Event: 1.047 Thread 0x0000023f9f770e50 Exception <a 'java/lang/NoSuchMethodError'{0x000000008ae583d0}: 'void java.lang.invoke.Invokers$Holder.invokeExact_MT(java.lang.Object, java.lang.Object, java.lang.Object, java.lang.Object)'> (0x000000008ae583d0) 
thrown [s\open\src\hotspot\share\interpreter\linkResolver.cpp, line 796]
Event: 1.078 Thread 0x0000023f9f770e50 Exception <a 'java/lang/NoSuchMethodError'{0x000000008adc3608}: 'void java.lang.invoke.DirectMethodHandle$Holder.invokeSpecial(java.lang.Object, java.lang.Object, double)'> (0x000000008adc3608) 
thrown [s\open\src\hotspot\share\interpreter\linkResolver.cpp, line 796]
Event: 1.079 Thread 0x0000023f9f770e50 Exception <a 'java/lang/NoSuchMethodError'{0x000000008adce070}: 'double java.lang.invoke.DelegatingMethodHandle$Holder.reinvoke_L(java.lang.Object, java.lang.Object, int)'> (0x000000008adce070) 
thrown [s\open\src\hotspot\share\interpreter\linkResolver.cpp, line 796]
Event: 1.080 Thread 0x0000023f9f770e50 Exception <a 'java/lang/NoSuchMethodError'{0x000000008addf930}: 'java.lang.Object java.lang.invoke.DirectMethodHandle$Holder.invokeStatic(java.lang.Object, java.lang.Object, java.lang.Object, java.lang.Object, int)'> (0x000000008addf930) 
thrown [s\open\src\hotspot\share\interpreter\linkResolver.cpp, line 796]
Event: 1.081 Thread 0x0000023f9f770e50 Exception <a 'java/lang/NoSuchMethodError'{0x000000008adeaaa8}: 'void java.lang.invoke.DelegatingMethodHandle$Holder.reinvoke_L(java.lang.Object, java.lang.Object, double)'> (0x000000008adeaaa8) 
thrown [s\open\src\hotspot\share\interpreter\linkResolver.cpp, line 796]
Event: 1.122 Thread 0x0000023f9f770e50 Exception <a 'java/lang/NoSuchMethodError'{0x000000008a8c9178}: 'void java.lang.invoke.DirectMethodHandle$Holder.invokeSpecial(java.lang.Object, java.lang.Object, int)'> (0x000000008a8c9178) 
thrown [s\open\src\hotspot\share\interpreter\linkResolver.cpp, line 796]
Event: 1.123 Thread 0x0000023f9f770e50 Exception <a 'java/lang/NoSuchMethodError'{0x000000008a8cffa8}: 'void java.lang.invoke.DelegatingMethodHandle$Holder.reinvoke_L(java.lang.Object, java.lang.Object, int)'> (0x000000008a8cffa8) 
thrown [s\open\src\hotspot\share\interpreter\linkResolver.cpp, line 796]
Event: 1.135 Thread 0x0000023f9f770e50 Exception <a 'java/lang/NoSuchMethodError'{0x000000008a767c90}: 'java.lang.Object java.lang.invoke.DirectMethodHandle$Holder.newInvokeSpecial(java.lang.Object, double)'> (0x000000008a767c90) 
thrown [s\open\src\hotspot\share\interpreter\linkResolver.cpp, line 796]
Event: 1.140 Thread 0x0000023f9f770e50 Exception <a 'java/lang/NoSuchMethodError'{0x000000008a794560}: 'java.lang.Object java.lang.invoke.DelegatingMethodHandle$Holder.reinvoke_L(java.lang.Object, double, double, double, double)'> (0x000000008a794560) 
thrown [s\open\src\hotspot\share\interpreter\linkResolver.cpp, line 796]
Event: 1.141 Thread 0x0000023f9f770e50 Exception <a 'java/lang/NoSuchMethodError'{0x000000008a79f2e8}: 'java.lang.Object java.lang.invoke.DirectMethodHandle$Holder.invokeStatic(java.lang.Object, java.lang.Object, int)'> (0x000000008a79f2e8) 
thrown [s\open\src\hotspot\share\interpreter\linkResolver.cpp, line 796]
Event: 1.141 Thread 0x0000023f9f770e50 Exception <a 'java/lang/NoSuchMethodError'{0x000000008a7a2f78}: 'void java.lang.invoke.DirectMethodHandle$Holder.invokeStatic(java.lang.Object, java.lang.Object, int, java.lang.Object)'> (0x000000008a7a2f78) 
thrown [s\open\src\hotspot\share\interpreter\linkResolver.cpp, line 796]
Event: 1.142 Thread 0x0000023f9f770e50 Exception <a 'java/lang/NoSuchMethodError'{0x000000008a7a9ab8}: 'void java.lang.invoke.DelegatingMethodHandle$Holder.delegate(java.lang.Object, java.lang.Object, int, java.lang.Object)'> (0x000000008a7a9ab8) 
thrown [s\open\src\hotspot\share\interpreter\linkResolver.cpp, line 796]
Event: 1.375 Thread 0x0000023f9f770e50 Implicit null exception at 0x0000023f4bc290d6 to 0x0000023f4bc2917a
Event: 1.424 Thread 0x0000023f9f770e50 Implicit null exception at 0x0000023f4bc85c2a to 0x0000023f4bc86040
Event: 1.445 Thread 0x0000023f9f770e50 Implicit null exception at 0x0000023f4bc89c0a to 0x0000023f4bc89e68
Event: 1.447 Thread 0x0000023f9f770e50 Implicit null exception at 0x0000023f4bc23b1d to 0x0000023f4bc23b9d
Event: 1.488 Thread 0x0000023f9f770e50 Exception <a 'java/lang/IncompatibleClassChangeError'{0x00000000895fa5b0}: Found class java.lang.Object, but interface was expected> (0x00000000895fa5b0) 
thrown [s\open\src\hotspot\share\interpreter\linkResolver.cpp, line 863]
Event: 1.494 Thread 0x0000023f9f770e50 Exception <a 'java/lang/ClassNotFoundException'{0x000000008942de20}: com/sun/javafx/scene/control/skin/resources/controls> (0x000000008942de20) 
thrown [s\open\src\hotspot\share\prims\jni.cpp, line 539]
Event: 1.494 Thread 0x0000023f9f770e50 Exception <a 'java/lang/ClassNotFoundException'{0x000000008943c000}: com/sun/javafx/scene/control/skin/resources/controls_en> (0x000000008943c000) 
thrown [s\open\src\hotspot\share\prims\jni.cpp, line 539]
Event: 1.495 Thread 0x0000023f9f770e50 Exception <a 'java/lang/ClassNotFoundException'{0x000000008943d598}: com/sun/javafx/scene/control/skin/resources/controls_en_US> (0x000000008943d598) 
thrown [s\open\src\hotspot\share\prims\jni.cpp, line 539]

VM Operations (20 events):
Event: 0.480 Executing VM operation: HandshakeAllThreads (Deoptimize)
Event: 0.480 Executing VM operation: HandshakeAllThreads (Deoptimize) done
Event: 0.494 Executing VM operation: HandshakeAllThreads (Deoptimize)
Event: 0.494 Executing VM operation: HandshakeAllThreads (Deoptimize) done
Event: 0.526 Executing VM operation: G1CollectForAllocation (G1 Evacuation Pause)
Event: 0.545 Executing VM operation: G1CollectForAllocation (G1 Evacuation Pause) done
Event: 0.619 Executing VM operation: HandshakeAllThreads (Deoptimize)
Event: 0.619 Executing VM operation: HandshakeAllThreads (Deoptimize) done
Event: 0.782 Executing VM operation: G1CollectForAllocation (G1 Evacuation Pause)
Event: 0.785 Executing VM operation: G1CollectForAllocation (G1 Evacuation Pause) done
Event: 0.886 Executing VM operation: HandshakeAllThreads (Deoptimize)
Event: 0.886 Executing VM operation: HandshakeAllThreads (Deoptimize) done
Event: 0.886 Executing VM operation: HandshakeAllThreads (Deoptimize)
Event: 0.886 Executing VM operation: HandshakeAllThreads (Deoptimize) done
Event: 1.362 Executing VM operation: HandshakeAllThreads (Deoptimize)
Event: 1.362 Executing VM operation: HandshakeAllThreads (Deoptimize) done
Event: 1.427 Executing VM operation: HandshakeAllThreads (Deoptimize)
Event: 1.427 Executing VM operation: HandshakeAllThreads (Deoptimize) done
Event: 1.427 Executing VM operation: HandshakeAllThreads (Deoptimize)
Event: 1.428 Executing VM operation: HandshakeAllThreads (Deoptimize) done

Memory protections (0 events):
No events

Nmethod flushes (0 events):
No events

Events (20 events):
Event: 0.036 Thread 0x0000023f396e5590 Thread added: 0x0000023f58599080
Event: 0.037 Thread 0x0000023f396e5590 Thread added: 0x0000023f5859b710
Event: 0.037 Thread 0x0000023f396e5590 Thread added: 0x0000023f5859c170
Event: 0.037 Thread 0x0000023f396e5590 Thread added: 0x0000023f5859ce20
Event: 0.037 Thread 0x0000023f396e5590 Thread added: 0x0000023f5859ea40
Event: 0.037 Thread 0x0000023f396e5590 Thread added: 0x0000023f585a0da0
Event: 0.037 Thread 0x0000023f396e5590 Thread added: 0x0000023f585acf10
Event: 0.067 Thread 0x0000023f396e5590 Thread added: 0x0000023f58c01560
Event: 0.105 Thread 0x0000023f585acf10 Thread added: 0x0000023f58ca4ad0
Event: 0.210 Thread 0x0000023f396e5590 Thread added: 0x0000023f9e856560
Event: 0.210 Thread 0x0000023f396e5590 Thread added: 0x0000023f9e31a280
Event: 0.390 Thread 0x0000023f396e5590 Thread added: 0x0000023f9ed73490
Event: 0.486 Thread 0x0000023f396e5590 Thread added: 0x0000023f9e95daa0
Event: 0.490 Thread 0x0000023f396e5590 Thread added: 0x0000023f9f770e50
Event: 0.577 Thread 0x0000023f5859c170 Thread added: 0x0000023fa32dae60
Event: 0.593 Thread 0x0000023fa32dae60 Thread added: 0x0000023f9f166320
Event: 0.605 Thread 0x0000023f396e5590 Thread added: 0x0000023f9f100a30
Event: 0.610 Thread 0x0000023f9f166320 Thread added: 0x0000023fa3302960
Event: 0.611 Thread 0x0000023f9f04a830 Thread added: 0x0000023f9f04a830
Event: 0.618 Thread 0x0000023f9f166320 Thread added: 0x0000023f9f04c900


Dynamic libraries:
0x00007ff649380000 - 0x00007ff64938e000 	C:\Users\celes\.jdks\openjdk-23.0.1\bin\java.exe
0x00007ffbfe470000 - 0x00007ffbfe687000 	C:\WINDOWS\SYSTEM32\ntdll.dll
0x00007ffbfcbc0000 - 0x00007ffbfcc84000 	C:\WINDOWS\System32\KERNEL32.DLL
0x00007ffbfbd30000 - 0x00007ffbfc0ea000 	C:\WINDOWS\System32\KERNELBASE.dll
0x00007ffbfb740000 - 0x00007ffbfb851000 	C:\WINDOWS\System32\ucrtbase.dll
0x00007ffbf3f00000 - 0x00007ffbf3f1b000 	C:\Users\celes\.jdks\openjdk-23.0.1\bin\VCRUNTIME140.dll
0x00007ffbf3f20000 - 0x00007ffbf3f37000 	C:\Users\celes\.jdks\openjdk-23.0.1\bin\jli.dll
0x00007ffbfd490000 - 0x00007ffbfd63e000 	C:\WINDOWS\System32\USER32.dll
0x00007ffbfbb60000 - 0x00007ffbfbb86000 	C:\WINDOWS\System32\win32u.dll
0x00007ffbda830000 - 0x00007ffbdaac2000 	C:\WINDOWS\WinSxS\amd64_microsoft.windows.common-controls_6595b64144ccf1df_6.0.22621.4541_none_2710d1c57384c085\COMCTL32.dll
0x00007ffbfc8b0000 - 0x00007ffbfc8d9000 	C:\WINDOWS\System32\GDI32.dll
0x00007ffbfb860000 - 0x00007ffbfb97b000 	C:\WINDOWS\System32\gdi32full.dll
0x00007ffbfc930000 - 0x00007ffbfc9d7000 	C:\WINDOWS\System32\msvcrt.dll
0x00007ffbfbac0000 - 0x00007ffbfbb5a000 	C:\WINDOWS\System32\msvcp_win.dll
0x00007ffbfd420000 - 0x00007ffbfd451000 	C:\WINDOWS\System32\IMM32.DLL
0x00007ffbf3ef0000 - 0x00007ffbf3efc000 	C:\Users\celes\.jdks\openjdk-23.0.1\bin\vcruntime140_1.dll
0x00007ffba23a0000 - 0x00007ffba242e000 	C:\Users\celes\.jdks\openjdk-23.0.1\bin\msvcp140.dll
0x00007ffb96340000 - 0x00007ffb9708f000 	C:\Users\celes\.jdks\openjdk-23.0.1\bin\server\jvm.dll
0x00007ffbfc9e0000 - 0x00007ffbfca92000 	C:\WINDOWS\System32\ADVAPI32.dll
0x00007ffbfe150000 - 0x00007ffbfe1f7000 	C:\WINDOWS\System32\sechost.dll
0x00007ffbfbb90000 - 0x00007ffbfbbb8000 	C:\WINDOWS\System32\bcrypt.dll
0x00007ffbfcaa0000 - 0x00007ffbfcbb4000 	C:\WINDOWS\System32\RPCRT4.dll
0x00007ffbfc720000 - 0x00007ffbfc791000 	C:\WINDOWS\System32\WS2_32.dll
0x00007ffbfb610000 - 0x00007ffbfb65d000 	C:\WINDOWS\SYSTEM32\POWRPROF.dll
0x00007ffbf3010000 - 0x00007ffbf3044000 	C:\WINDOWS\SYSTEM32\WINMM.dll
0x00007ffbe4de0000 - 0x00007ffbe4dea000 	C:\WINDOWS\SYSTEM32\VERSION.dll
0x00007ffbfb5f0000 - 0x00007ffbfb603000 	C:\WINDOWS\SYSTEM32\UMPDC.dll
0x00007ffbfa780000 - 0x00007ffbfa798000 	C:\WINDOWS\SYSTEM32\kernel.appcore.dll
0x00007ffbf5c00000 - 0x00007ffbf5c0a000 	C:\Users\celes\.jdks\openjdk-23.0.1\bin\jimage.dll
0x00007ffbf9220000 - 0x00007ffbf9452000 	C:\WINDOWS\SYSTEM32\DBGHELP.DLL
0x00007ffbfc390000 - 0x00007ffbfc71f000 	C:\WINDOWS\System32\combase.dll
0x00007ffbfd340000 - 0x00007ffbfd417000 	C:\WINDOWS\System32\OLEAUT32.dll
0x00007ffbdae80000 - 0x00007ffbdaeb2000 	C:\WINDOWS\SYSTEM32\dbgcore.DLL
0x00007ffbfc0f0000 - 0x00007ffbfc16b000 	C:\WINDOWS\System32\bcryptPrimitives.dll
0x00007ffbf3eb0000 - 0x00007ffbf3ebf000 	C:\Users\celes\.jdks\openjdk-23.0.1\bin\instrument.dll
0x00007ffbf3df0000 - 0x00007ffbf3e0e000 	C:\Users\celes\.jdks\openjdk-23.0.1\bin\java.dll
0x00007ffbfc1e0000 - 0x00007ffbfc385000 	C:\WINDOWS\System32\ole32.dll
0x00007ffbfd8b0000 - 0x00007ffbfe128000 	C:\WINDOWS\System32\SHELL32.dll
0x00007ffbf9680000 - 0x00007ffbf9f88000 	C:\WINDOWS\SYSTEM32\windows.storage.dll
0x00007ffbf9540000 - 0x00007ffbf967f000 	C:\WINDOWS\SYSTEM32\wintypes.dll
0x00007ffbfd640000 - 0x00007ffbfd73a000 	C:\WINDOWS\System32\SHCORE.dll
0x00007ffbfe2b0000 - 0x00007ffbfe30e000 	C:\WINDOWS\System32\shlwapi.dll
0x00007ffbfb670000 - 0x00007ffbfb69b000 	C:\WINDOWS\SYSTEM32\profapi.dll
0x00007ffb9a0d0000 - 0x00007ffb9a1a7000 	C:\Users\celes\.jdks\openjdk-23.0.1\bin\jsvml.dll
0x00007ffbf3ea0000 - 0x00007ffbf3eb0000 	C:\Users\celes\.jdks\openjdk-23.0.1\bin\net.dll
0x00007ffbfac00000 - 0x00007ffbfac69000 	C:\WINDOWS\system32\mswsock.dll
0x00007ffbf3dd0000 - 0x00007ffbf3de6000 	C:\Users\celes\.jdks\openjdk-23.0.1\bin\nio.dll
0x00007ffbf3db0000 - 0x00007ffbf3dc7000 	C:\Users\celes\.jdks\openjdk-23.0.1\bin\zip.dll
0x00007ffbf3d90000 - 0x00007ffbf3daa000 	C:\Program Files\JetBrains\IntelliJ IDEA 2024.3\bin\breakgen64.dll
0x00007ffbf3d80000 - 0x00007ffbf3d89000 	C:\Users\celes\.jdks\openjdk-23.0.1\bin\extnet.dll
0x00007ffbfa260000 - 0x00007ffbfa362000 	C:\WINDOWS\SYSTEM32\DNSAPI.dll
0x00007ffbfa1f0000 - 0x00007ffbfa21d000 	C:\WINDOWS\SYSTEM32\IPHLPAPI.DLL
0x00007ffbfd480000 - 0x00007ffbfd489000 	C:\WINDOWS\System32\NSI.dll
0x00007ffbf3580000 - 0x00007ffbf358a000 	C:\Windows\System32\rasadhlp.dll
0x00007ffbf2ef0000 - 0x00007ffbf2f73000 	C:\WINDOWS\System32\fwpuclnt.dll
0x00007ffbf3d70000 - 0x00007ffbf3d7a000 	C:\Users\celes\.jdks\openjdk-23.0.1\bin\management.dll
0x0000023f58f30000 - 0x0000023f58f33000 	C:\Users\celes\Downloads\openjfx-23.0.1_windows-x64_bin-sdk\javafx-sdk-23.0.1\bin\api-ms-win-core-console-l1-1-0.dll
0x0000023f58f40000 - 0x0000023f58f43000 	C:\Users\celes\Downloads\openjfx-23.0.1_windows-x64_bin-sdk\javafx-sdk-23.0.1\bin\api-ms-win-core-console-l1-2-0.dll
0x0000023f58f50000 - 0x0000023f58f53000 	C:\Users\celes\Downloads\openjfx-23.0.1_windows-x64_bin-sdk\javafx-sdk-23.0.1\bin\api-ms-win-core-datetime-l1-1-0.dll
0x0000023f58f60000 - 0x0000023f58f63000 	C:\Users\celes\Downloads\openjfx-23.0.1_windows-x64_bin-sdk\javafx-sdk-23.0.1\bin\api-ms-win-core-debug-l1-1-0.dll
0x0000023f58f70000 - 0x0000023f58f73000 	C:\Users\celes\Downloads\openjfx-23.0.1_windows-x64_bin-sdk\javafx-sdk-23.0.1\bin\api-ms-win-core-errorhandling-l1-1-0.dll
0x0000023f58f80000 - 0x0000023f58f84000 	C:\Users\celes\Downloads\openjfx-23.0.1_windows-x64_bin-sdk\javafx-sdk-23.0.1\bin\api-ms-win-core-file-l1-1-0.dll
0x0000023f58f90000 - 0x0000023f58f93000 	C:\Users\celes\Downloads\openjfx-23.0.1_windows-x64_bin-sdk\javafx-sdk-23.0.1\bin\api-ms-win-core-file-l1-2-0.dll
0x0000023f58fa0000 - 0x0000023f58fa3000 	C:\Users\celes\Downloads\openjfx-23.0.1_windows-x64_bin-sdk\javafx-sdk-23.0.1\bin\api-ms-win-core-file-l2-1-0.dll
0x00007ffbf3d60000 - 0x00007ffbf3d6b000 	C:\Users\celes\.jdks\openjdk-23.0.1\bin\management_ext.dll
0x00007ffbfd460000 - 0x00007ffbfd468000 	C:\WINDOWS\System32\PSAPI.DLL
0x0000023f58fb0000 - 0x0000023f58fb3000 	C:\Users\celes\Downloads\openjfx-23.0.1_windows-x64_bin-sdk\javafx-sdk-23.0.1\bin\api-ms-win-core-handle-l1-1-0.dll
0x0000023f58fc0000 - 0x0000023f58fc3000 	C:\Users\celes\Downloads\openjfx-23.0.1_windows-x64_bin-sdk\javafx-sdk-23.0.1\bin\api-ms-win-core-heap-l1-1-0.dll
0x0000023f58fd0000 - 0x0000023f58fd3000 	C:\Users\celes\Downloads\openjfx-23.0.1_windows-x64_bin-sdk\javafx-sdk-23.0.1\bin\api-ms-win-core-interlocked-l1-1-0.dll
0x0000023f58fe0000 - 0x0000023f58fe3000 	C:\Users\celes\Downloads\openjfx-23.0.1_windows-x64_bin-sdk\javafx-sdk-23.0.1\bin\api-ms-win-core-libraryloader-l1-1-0.dll
0x0000023f58ff0000 - 0x0000023f58ff3000 	C:\Users\celes\Downloads\openjfx-23.0.1_windows-x64_bin-sdk\javafx-sdk-23.0.1\bin\api-ms-win-core-localization-l1-2-0.dll
0x0000023f9fb10000 - 0x0000023f9fb13000 	C:\Users\celes\Downloads\openjfx-23.0.1_windows-x64_bin-sdk\javafx-sdk-23.0.1\bin\api-ms-win-core-memory-l1-1-0.dll
0x0000023f9fb20000 - 0x0000023f9fb23000 	C:\Users\celes\Downloads\openjfx-23.0.1_windows-x64_bin-sdk\javafx-sdk-23.0.1\bin\api-ms-win-core-namedpipe-l1-1-0.dll
0x0000023f9fb30000 - 0x0000023f9fb33000 	C:\Users\celes\Downloads\openjfx-23.0.1_windows-x64_bin-sdk\javafx-sdk-23.0.1\bin\api-ms-win-core-processenvironment-l1-1-0.dll
0x0000023f9feb0000 - 0x0000023f9feb3000 	C:\Users\celes\Downloads\openjfx-23.0.1_windows-x64_bin-sdk\javafx-sdk-23.0.1\bin\api-ms-win-core-processthreads-l1-1-0.dll
0x0000023f9fec0000 - 0x0000023f9fec3000 	C:\Users\celes\Downloads\openjfx-23.0.1_windows-x64_bin-sdk\javafx-sdk-23.0.1\bin\api-ms-win-core-processthreads-l1-1-1.dll
0x0000023f9fed0000 - 0x0000023f9fed3000 	C:\Users\celes\Downloads\openjfx-23.0.1_windows-x64_bin-sdk\javafx-sdk-23.0.1\bin\api-ms-win-core-profile-l1-1-0.dll
0x0000023f9fee0000 - 0x0000023f9fee3000 	C:\Users\celes\Downloads\openjfx-23.0.1_windows-x64_bin-sdk\javafx-sdk-23.0.1\bin\api-ms-win-core-rtlsupport-l1-1-0.dll
0x0000023f9fef0000 - 0x0000023f9fef3000 	C:\Users\celes\Downloads\openjfx-23.0.1_windows-x64_bin-sdk\javafx-sdk-23.0.1\bin\api-ms-win-core-string-l1-1-0.dll
0x0000023f9ff00000 - 0x0000023f9ff03000 	C:\Users\celes\Downloads\openjfx-23.0.1_windows-x64_bin-sdk\javafx-sdk-23.0.1\bin\api-ms-win-core-synch-l1-1-0.dll
0x0000023f9fb40000 - 0x0000023f9fb43000 	C:\Users\celes\Downloads\openjfx-23.0.1_windows-x64_bin-sdk\javafx-sdk-23.0.1\bin\api-ms-win-core-synch-l1-2-0.dll
0x0000023f9fb50000 - 0x0000023f9fb53000 	C:\Users\celes\Downloads\openjfx-23.0.1_windows-x64_bin-sdk\javafx-sdk-23.0.1\bin\api-ms-win-core-sysinfo-l1-1-0.dll
0x0000023f9fb60000 - 0x0000023f9fb63000 	C:\Users\celes\Downloads\openjfx-23.0.1_windows-x64_bin-sdk\javafx-sdk-23.0.1\bin\api-ms-win-core-timezone-l1-1-0.dll
0x0000023f9fb70000 - 0x0000023f9fb73000 	C:\Users\celes\Downloads\openjfx-23.0.1_windows-x64_bin-sdk\javafx-sdk-23.0.1\bin\api-ms-win-core-util-l1-1-0.dll
0x0000023f9fb80000 - 0x0000023f9fb83000 	C:\Users\celes\Downloads\openjfx-23.0.1_windows-x64_bin-sdk\javafx-sdk-23.0.1\bin\api-ms-win-crt-conio-l1-1-0.dll
0x0000023f9fb90000 - 0x0000023f9fb94000 	C:\Users\celes\Downloads\openjfx-23.0.1_windows-x64_bin-sdk\javafx-sdk-23.0.1\bin\api-ms-win-crt-convert-l1-1-0.dll
0x0000023f9fba0000 - 0x0000023f9fba3000 	C:\Users\celes\Downloads\openjfx-23.0.1_windows-x64_bin-sdk\javafx-sdk-23.0.1\bin\api-ms-win-crt-environment-l1-1-0.dll
0x0000023f9fbb0000 - 0x0000023f9fbb3000 	C:\Users\celes\Downloads\openjfx-23.0.1_windows-x64_bin-sdk\javafx-sdk-23.0.1\bin\api-ms-win-crt-filesystem-l1-1-0.dll
0x0000023f9fbc0000 - 0x0000023f9fbc3000 	C:\Users\celes\Downloads\openjfx-23.0.1_windows-x64_bin-sdk\javafx-sdk-23.0.1\bin\api-ms-win-crt-heap-l1-1-0.dll
0x0000023f9fbd0000 - 0x0000023f9fbd3000 	C:\Users\celes\Downloads\openjfx-23.0.1_windows-x64_bin-sdk\javafx-sdk-23.0.1\bin\api-ms-win-crt-locale-l1-1-0.dll
0x0000023f9fbe0000 - 0x0000023f9fbe5000 	C:\Users\celes\Downloads\openjfx-23.0.1_windows-x64_bin-sdk\javafx-sdk-23.0.1\bin\api-ms-win-crt-math-l1-1-0.dll
0x0000023f9fbf0000 - 0x0000023f9fbf5000 	C:\Users\celes\Downloads\openjfx-23.0.1_windows-x64_bin-sdk\javafx-sdk-23.0.1\bin\api-ms-win-crt-multibyte-l1-1-0.dll
0x0000023f9fc00000 - 0x0000023f9fc10000 	C:\Users\celes\Downloads\openjfx-23.0.1_windows-x64_bin-sdk\javafx-sdk-23.0.1\bin\api-ms-win-crt-private-l1-1-0.dll
0x0000023f9fc10000 - 0x0000023f9fc13000 	C:\Users\celes\Downloads\openjfx-23.0.1_windows-x64_bin-sdk\javafx-sdk-23.0.1\bin\api-ms-win-crt-process-l1-1-0.dll
0x0000023f9fc20000 - 0x0000023f9fc24000 	C:\Users\celes\Downloads\openjfx-23.0.1_windows-x64_bin-sdk\javafx-sdk-23.0.1\bin\api-ms-win-crt-runtime-l1-1-0.dll
0x0000023f9fc30000 - 0x0000023f9fc34000 	C:\Users\celes\Downloads\openjfx-23.0.1_windows-x64_bin-sdk\javafx-sdk-23.0.1\bin\api-ms-win-crt-stdio-l1-1-0.dll
0x0000023f9fc40000 - 0x0000023f9fc44000 	C:\Users\celes\Downloads\openjfx-23.0.1_windows-x64_bin-sdk\javafx-sdk-23.0.1\bin\api-ms-win-crt-string-l1-1-0.dll
0x0000023f9fc50000 - 0x0000023f9fc53000 	C:\Users\celes\Downloads\openjfx-23.0.1_windows-x64_bin-sdk\javafx-sdk-23.0.1\bin\api-ms-win-crt-time-l1-1-0.dll
0x0000023f9fc60000 - 0x0000023f9fc63000 	C:\Users\celes\Downloads\openjfx-23.0.1_windows-x64_bin-sdk\javafx-sdk-23.0.1\bin\api-ms-win-crt-utility-l1-1-0.dll
0x00007ffb97c30000 - 0x00007ffb97d2c000 	C:\Users\celes\Downloads\openjfx-23.0.1_windows-x64_bin-sdk\javafx-sdk-23.0.1\bin\ucrtbase.dll
0x00007ffbe5dd0000 - 0x00007ffbe5deb000 	C:\Users\celes\Downloads\openjfx-23.0.1_windows-x64_bin-sdk\javafx-sdk-23.0.1\bin\vcruntime140.dll
0x00007ffbf3d50000 - 0x00007ffbf3d5c000 	C:\Users\celes\Downloads\openjfx-23.0.1_windows-x64_bin-sdk\javafx-sdk-23.0.1\bin\vcruntime140_1.dll
0x00007ffb9c920000 - 0x00007ffb9c9ae000 	C:\Users\celes\Downloads\openjfx-23.0.1_windows-x64_bin-sdk\javafx-sdk-23.0.1\bin\msvcp140.dll
0x00007ffbf11c0000 - 0x00007ffbf11c9000 	C:\Users\celes\Downloads\openjfx-23.0.1_windows-x64_bin-sdk\javafx-sdk-23.0.1\bin\msvcp140_1.dll
0x00007ffbb5800000 - 0x00007ffbb5841000 	C:\Users\celes\Downloads\openjfx-23.0.1_windows-x64_bin-sdk\javafx-sdk-23.0.1\bin\msvcp140_2.dll
0x00007ffbe2320000 - 0x00007ffbe2350000 	C:\Users\celes\Downloads\openjfx-23.0.1_windows-x64_bin-sdk\javafx-sdk-23.0.1\bin\prism_d3d.dll
0x00007ffbb0b00000 - 0x00007ffbb0ca8000 	C:\WINDOWS\system32\d3d9.dll
0x00007ffbf6270000 - 0x00007ffbf629b000 	C:\WINDOWS\SYSTEM32\dwmapi.dll
0x00007ffbf62d0000 - 0x00007ffbf6307000 	C:\WINDOWS\SYSTEM32\dxcore.dll
0x00007ffbf5fd0000 - 0x00007ffbf6081000 	C:\WINDOWS\system32\uxtheme.dll
0x00007ffbb0a50000 - 0x00007ffbb0b00000 	C:\WINDOWS\SYSTEM32\d3d9on12.dll
0x00007ffbf6140000 - 0x00007ffbf6237000 	C:\WINDOWS\SYSTEM32\dxgi.dll
0x00007ffbb0a20000 - 0x00007ffbb0a46000 	C:\WINDOWS\SYSTEM32\d3d12.dll
0x00007ffbfb340000 - 0x00007ffbfb38e000 	C:\WINDOWS\SYSTEM32\cfgmgr32.dll
0x00007ffbb06c0000 - 0x00007ffbb08c2000 	C:\WINDOWS\SYSTEM32\D3D12Core.dll
0x00007ffbb0690000 - 0x00007ffbb06b4000 	C:\WINDOWS\System32\DriverStore\FileRepository\iigd_dch.inf_amd64_8790abc65238323a\igd12umd64.dll
0x00007ffbafa60000 - 0x00007ffbb068c000 	C:\WINDOWS\System32\DriverStore\FileRepository\iigd_dch.inf_amd64_8790abc65238323a\igd12um64xel.dll
0x00007ffbfbbc0000 - 0x00007ffbfbd26000 	C:\WINDOWS\System32\CRYPT32.dll
0x00007ffbeb520000 - 0x00007ffbeb932000 	C:\WINDOWS\System32\DriverStore\FileRepository\iigd_dch.inf_amd64_8790abc65238323a\igdgmm64.dll
0x00007ffbef460000 - 0x00007ffbef49a000 	C:\WINDOWS\SYSTEM32\ControlLib.dll
0x00007ffbfcec0000 - 0x00007ffbfd334000 	C:\WINDOWS\System32\SETUPAPI.dll
0x00007ffbfb310000 - 0x00007ffbfb33c000 	C:\WINDOWS\SYSTEM32\DEVOBJ.dll
0x00007ffbef3e0000 - 0x00007ffbef451000 	C:\WINDOWS\System32\DriverStore\FileRepository\iigd_dch.inf_amd64_8790abc65238323a\IntelControlLib.dll
0x00007ffbfba40000 - 0x00007ffbfbab2000 	C:\WINDOWS\System32\WINTRUST.dll
0x00007ffbfaeb0000 - 0x00007ffbfaec2000 	C:\WINDOWS\SYSTEM32\MSASN1.dll
0x00007ffbeff80000 - 0x00007ffbeffc9000 	C:\WINDOWS\SYSTEM32\directxdatabasehelper.dll
0x00007ffbe70e0000 - 0x00007ffbeb51e000 	C:\WINDOWS\System32\DriverStore\FileRepository\iigd_dch.inf_amd64_8790abc65238323a\igc64.dll
0x00007ffbaf8d0000 - 0x00007ffbaf8ff000 	C:\WINDOWS\SYSTEM32\D3DSCache.dll

dbghelp: loaded successfully - version: 4.0.5 - missing functions: none
symbol engine: initialized successfully - sym options: 0x614 - pdb path: .;C:\Users\celes\.jdks\openjdk-23.0.1\bin;C:\WINDOWS\SYSTEM32;C:\WINDOWS\WinSxS\amd64_microsoft.windows.common-controls_6595b64144ccf1df_6.0.22621.4541_none_2710d1c57384c085;C:\Users\celes\.jdks\openjdk-23.0.1\bin\server;C:\Program Files\JetBrains\IntelliJ IDEA 2024.3\bin;C:\Users\celes\Downloads\openjfx-23.0.1_windows-x64_bin-sdk\javafx-sdk-23.0.1\bin;C:\WINDOWS\System32\DriverStore\FileRepository\iigd_dch.inf_amd64_8790abc65238323a;C:\Program Files\Common Files\Microsoft Shared\Ink

VM Arguments:
jvm_args: --module-path=C:\Users\celes\Downloads\openjfx-23.0.1_windows-x64_bin-sdk\javafx-sdk-23.0.1\lib --add-modules=javafx.controls,javafx.fxml -javaagent:C:\Program Files\JetBrains\IntelliJ IDEA 2024.3\lib\idea_rt.jar=55893:C:\Program Files\JetBrains\IntelliJ IDEA 2024.3\bin -Dfile.encoding=UTF-8 -Dsun.stdout.encoding=UTF-8 -Dsun.stderr.encoding=UTF-8 
java_command: com.example.fitsync.Main
java_class_path (initial): C:\Users\celes\OneDrive\Documents\FitSync\target\classes;C:\Users\celes\.m2\repository\org\openjfx\javafx-controls\17.0.6\javafx-controls-17.0.6.jar;C:\Users\celes\.m2\repository\org\openjfx\javafx-controls\17.0.6\javafx-controls-17.0.6-win.jar;C:\Users\celes\.m2\repository\org\openjfx\javafx-fxml\17.0.6\javafx-fxml-17.0.6.jar;C:\Users\celes\.m2\repository\org\openjfx\javafx-fxml\17.0.6\javafx-fxml-17.0.6-win.jar;C:\Users\celes\.m2\repository\org\openjfx\javafx-web\17.0.6\javafx-web-17.0.6.jar;C:\Users\celes\.m2\repository\org\openjfx\javafx-web\17.0.6\javafx-web-17.0.6-win.jar;C:\Users\celes\.m2\repository\org\openjfx\javafx-media\17.0.6\javafx-media-17.0.6.jar;C:\Users\celes\.m2\repository\org\openjfx\javafx-media\17.0.6\javafx-media-17.0.6-win.jar;C:\Users\celes\.m2\repository\org\openjfx\javafx-swing\17.0.6\javafx-swing-17.0.6.jar;C:\Users\celes\.m2\repository\org\openjfx\javafx-swing\17.0.6\javafx-swing-17.0.6-win.jar;C:\Users\celes\.m2\repository\org\controlsfx\controlsfx\11.2.1\controlsfx-11.2.1.jar;C:\Users\celes\.m2\repository\com\dlsc\formsfx\formsfx-core\11.6.0\formsfx-core-11.6.0.jar;C:\Users\celes\.m2\repository\net\synedra\validatorfx\0.5.0\validatorfx-0.5.0.jar;C:\Users\celes\.m2\repository\org\kordamp\ikonli\ikonli-javafx\12.3.1\ikonli-javafx-12.3.1.jar;C:\Users\celes\.m2\repository\org\kordamp\ikonli\ikonli-core\12.3.1\ikonli-core-12.3.1.jar;C:\Users\celes\.m2\repository\org\kordamp\bootstrapfx\bootstrapfx-core\0.4.0\bootstrapfx-core-0.4.0.jar;C:\Users\celes\.m2\repository\eu\hansolo\tilesfx\21.0.3\tilesfx-21.0.3.jar;C:\Users\celes\.m2\repository\eu\hansolo\fx\countries\21.0.3\countries-21.0.3.jar;C:\Users\celes\.m2\repository\eu\hansolo\fx\heatmap\21.0.3\heatmap-21.0.3.jar;C:\Users\celes\.m2\repository\eu\hansolo\toolboxfx\21.0.3\toolboxfx-21.0.3.jar;C:\Users\celes\.m2\repository\eu\hansolo\toolbox\21.0.5\toolbox-21.0.5.jar;C:\Users\celes\.m2\repository\org\openjfx\javafx-graphics\17.0.6\javafx-graphics-17.0.6.jar;C:\Users\celes\.m2\repository\org\openjfx\javafx-graphics\17.0.6\javafx-graphics-17.0.6-win.jar;C:\Users\celes\.m2\repository\org\openjfx\javafx-base\17.0.6\javafx-base-17.0.6.jar;C:\Users\celes\.m2\repository\org\openjfx\javafx-base\17.0.6\javafx-base-17.0.6-win.jar;C:\Users\celes\OneDrive\Documents\FitSync
Launcher Type: SUN_STANDARD

[Global flags]
     intx CICompilerCount                          = 4                                         {product} {ergonomic}
     uint ConcGCThreads                            = 3                                         {product} {ergonomic}
     uint G1ConcRefinementThreads                  = 10                                        {product} {ergonomic}
   size_t G1HeapRegionSize                         = 1048576                                   {product} {ergonomic}
   size_t InitialHeapSize                          = 130023424                                 {product} {ergonomic}
   size_t MarkStackSize                            = 4194304                                   {product} {ergonomic}
   size_t MarkStackSizeMax                         = 536870912                                 {product} {ergonomic}
   size_t MaxHeapSize                              = 2076180480                                {product} {ergonomic}
   size_t MaxNewSize                               = 1245708288                                {product} {ergonomic}
   size_t MinHeapDeltaBytes                        = 1048576                                   {product} {ergonomic}
   size_t MinHeapSize                              = 8388608                                   {product} {ergonomic}
    uintx NonNMethodCodeHeapSize                   = 5832704                                {pd product} {ergonomic}
    uintx NonProfiledCodeHeapSize                  = 122945536                              {pd product} {ergonomic}
    uintx ProfiledCodeHeapSize                     = 122880000                              {pd product} {ergonomic}
    uintx ReservedCodeCacheSize                    = 251658240                              {pd product} {ergonomic}
     bool SegmentedCodeCache                       = true                                      {product} {ergonomic}
   size_t SoftMaxHeapSize                          = 2076180480                             {manageable} {ergonomic}
     bool UseCompressedOops                        = true                           {product lp64_product} {ergonomic}
     bool UseG1GC                                  = true                                      {product} {ergonomic}
     bool UseLargePagesIndividualAllocation        = false                                  {pd product} {ergonomic}

Logging:
Log output configuration:
 #0: stdout all=warning uptime,level,tags foldmultilines=false
 #1: stderr all=off uptime,level,tags foldmultilines=false

Environment Variables:
JAVA_HOME=C:\Program Files\Java\jdk-22
PATH=C:\Program Files (x86)\VMware\VMware Player\bin\;C:\Program Files\Common Files\Oracle\Java\javapath;C:\Windows\System32\HWAudioDriverLibs;C:\Windows\system32;C:\Windows;C:\Windows\System32\Wbem;C:\Windows\System32\WindowsPowerShell\v1.0\;C:\Windows\System32\OpenSSH\;C:\Users\Administrator\AppData\Local\Microsoft\WindowsApps;C:\WINDOWS\system32;C:\WINDOWS;C:\WINDOWS\System32\Wbem;C:\WINDOWS\System32\WindowsPowerShell\v1.0\;C:\WINDOWS\System32\OpenSSH\;C:\WINDOWS\system32\config\systemprofile\AppData\Local\Microsoft\WindowsApps;C:\windows\system32\HWAudioDriver\;C:\Program Files\Java\jdk-22\bin;C:\Program Files\Git\cmd;C:\Program Files\MySQL\MySQL Shell 8.0\bin\;C:\Users\celes\AppData\Local\Microsoft\WindowsApps;C:\Users\celes\AppData\Local\GitHubDesktop\bin;C:\Users\celes\AppData\Local\Programs\Microsoft VS Code\bin
USERNAME=celes
OS=Windows_NT
PROCESSOR_IDENTIFIER=Intel64 Family 6 Model 154 Stepping 3, GenuineIntel
TMP=C:\Users\celes\AppData\Local\Temp
TEMP=C:\Users\celes\AppData\Local\Temp




Periodic native trim disabled

---------------  S Y S T E M  ---------------

OS:
 Windows 11 , 64 bit Build 22621 (10.0.22621.4391)
OS uptime: 0 days 7:34 hours

CPU: total 12 (initial active 12) (6 cores per cpu, 2 threads per core) family 6 model 154 stepping 3 microcode 0x41e, cx8, cmov, fxsr, ht, mmx, 3dnowpref, sse, sse2, sse3, ssse3, sse4.1, sse4.2, popcnt, lzcnt, tsc, tscinvbit, avx, avx2, aes, erms, clmul, bmi1, bmi2, adx, sha, fma, vzeroupper, clflush, clflushopt, clwb, serialize, rdtscp, rdpid, fsrm, gfni, f16c, pku, cet_ibt, cet_ss
Processor Information for processor 0
  Max Mhz: 2000, Current Mhz: 2000, Mhz Limit: 2000
Processor Information for processor 1
  Max Mhz: 2000, Current Mhz: 2000, Mhz Limit: 2000
Processor Information for processor 2
  Max Mhz: 2000, Current Mhz: 2000, Mhz Limit: 2000
Processor Information for processor 3
  Max Mhz: 2000, Current Mhz: 2000, Mhz Limit: 2000
Processor Information for processor 4
  Max Mhz: 2000, Current Mhz: 2000, Mhz Limit: 2000
Processor Information for processor 5
  Max Mhz: 2000, Current Mhz: 2000, Mhz Limit: 2000
Processor Information for processor 6
  Max Mhz: 2000, Current Mhz: 2000, Mhz Limit: 2000
Processor Information for processor 7
  Max Mhz: 2000, Current Mhz: 2000, Mhz Limit: 2000
Processor Information for processor 8
  Max Mhz: 2000, Current Mhz: 1500, Mhz Limit: 1500
Processor Information for processor 9
  Max Mhz: 2000, Current Mhz: 1500, Mhz Limit: 1500
Processor Information for processor 10
  Max Mhz: 2000, Current Mhz: 1500, Mhz Limit: 1500
Processor Information for processor 11
  Max Mhz: 2000, Current Mhz: 1500, Mhz Limit: 1500

Memory: 4k page, system-wide physical 7918M (374M free)
TotalPageFile size 12014M (AvailPageFile size 0M)
current process WorkingSet (physical memory assigned to process): 260M, peak: 260M
current process commit charge ("private bytes"): 378M, peak: 378M

vm_info: OpenJDK 64-Bit Server VM (23.0.1+11-39) for windows-amd64 JRE (23.0.1+11-39), built on 2024-09-30T07:20:43Z with MS VC++ 17.6 (VS2022)

END.
